<?xml version="1.0" encoding="UTF-8"?>
<testng-results ignored="0" total="1" passed="1" failed="0" skipped="0">
  <reporter-output>
  </reporter-output>
  <suite started-at="2025-07-10T17:17:31 IST" name="OrangeHRM Test Suite" finished-at="2025-07-10T17:17:40 IST" duration-ms="9231">
    <groups>
    </groups>
    <test started-at="2025-07-10T17:17:31 IST" name="Login Test" finished-at="2025-07-10T17:17:40 IST" duration-ms="9231">
      <class name="tests.LoginTest">
        <test-method is-config="true" signature="setup()[pri:0, instance:tests.LoginTest@3eb25e1a]" started-at="2025-07-10T17:17:31 IST" name="setup" finished-at="2025-07-10T17:17:33 IST" duration-ms="1813" status="PASS">
          <reporter-output>
          </reporter-output>
        </test-method> <!-- setup -->
        <test-method signature="testLoginAndSearchUser()[pri:0, instance:tests.LoginTest@3eb25e1a]" started-at="2025-07-10T17:17:33 IST" name="testLoginAndSearchUser" finished-at="2025-07-10T17:17:40 IST" duration-ms="7174" status="PASS">
          <reporter-output>
          </reporter-output>
        </test-method> <!-- testLoginAndSearchUser -->
        <test-method is-config="true" signature="tearDown()[pri:0, instance:tests.LoginTest@3eb25e1a]" started-at="2025-07-10T17:17:40 IST" name="tearDown" finished-at="2025-07-10T17:17:40 IST" duration-ms="183" status="PASS">
          <reporter-output>
          </reporter-output>
        </test-method> <!-- tearDown -->
      </class> <!-- tests.LoginTest -->
    </test> <!-- Login Test -->
  </suite> <!-- OrangeHRM Test Suite -->
</testng-results>
