<?xml version="1.0" encoding="UTF-8"?>
<testng-results ignored="0" total="1" passed="1" failed="0" skipped="0">
  <reporter-output>
  </reporter-output>
  <suite started-at="2025-07-10T20:02:31 IST" name="OrangeHRM Test Suite" finished-at="2025-07-10T20:02:53 IST" duration-ms="22016">
    <groups>
    </groups>
    <test started-at="2025-07-10T20:02:31 IST" name="Login Test" finished-at="2025-07-10T20:02:53 IST" duration-ms="22016">
      <class name="tests.LoginTest">
        <test-method is-config="true" signature="setup()[pri:0, instance:tests.LoginTest@3eb25e1a]" started-at="2025-07-10T20:02:31 IST" name="setup" finished-at="2025-07-10T20:02:43 IST" duration-ms="12553" status="PASS">
          <reporter-output>
          </reporter-output>
        </test-method> <!-- setup -->
        <test-method signature="testLoginAndSearchUser()[pri:0, instance:tests.LoginTest@3eb25e1a]" started-at="2025-07-10T20:02:43 IST" name="testLoginAndSearchUser" finished-at="2025-07-10T20:02:52 IST" duration-ms="9058" status="PASS">
          <reporter-output>
          </reporter-output>
        </test-method> <!-- testLoginAndSearchUser -->
        <test-method is-config="true" signature="tearDown()[pri:0, instance:tests.LoginTest@3eb25e1a]" started-at="2025-07-10T20:02:52 IST" name="tearDown" finished-at="2025-07-10T20:02:53 IST" duration-ms="302" status="PASS">
          <reporter-output>
          </reporter-output>
        </test-method> <!-- tearDown -->
      </class> <!-- tests.LoginTest -->
    </test> <!-- Login Test -->
  </suite> <!-- OrangeHRM Test Suite -->
</testng-results>
